Case #1: 1 0
Case #2: 1 0
Case #3: 1 1
Case #4: 0 0
Case #5: 500 499
Case #6: 0 0
Case #7: 0 0
Case #8: 0 0
Case #9: 0 0
Case #10: 0 0
Case #11: 0 0
Case #12: 0 0
Case #13: 1 0
Case #14: 0 0
Case #15: 499 499
Case #16: 0 0
Case #17: 1 0
Case #18: 0 0
Case #19: 0 0
Case #20: 0 0
Case #21: 0 0
Case #22: 0 0
Case #23: 1 0
Case #24: 1 1
Case #25: 0 0
Case #26: 0 0
Case #27: 0 0
Case #28: 1 1
Case #29: 1 0
Case #30: 0 0
Case #31: 0 0
Case #32: 1 0
Case #33: 250 249
Case #34: 0 0
Case #35: 0 0
Case #36: 0 0
Case #37: 2 1
Case #38: 7 6
Case #39: 1 0
Case #40: 0 0
Case #41: 0 0
Case #42: 0 0
Case #43: 1 0
Case #44: 7 6
Case #45: 3 2
Case #46: 0 0
Case #47: 2 2
Case #48: 1 0
Case #49: 1 0
Case #50: 3 3
Case #51: 0 0
Case #52: 0 0
Case #53: 1 1
Case #54: 0 0
Case #55: 1 0
Case #56: 0 0
Case #57: 0 0
Case #58: 0 0
Case #59: 3 2
Case #60: 1 1
Case #61: 0 0
Case #62: 0 0
Case #63: 1 0
Case #64: 250 249
Case #65: 0 0
Case #66: 249 249
Case #67: 0 0
Case #68: 1 1
Case #69: 0 0
Case #70: 1 0
Case #71: 1 0
Case #72: 3 2
Case #73: 0 0
Case #74: 125 124
Case #75: 1 1
Case #76: 0 0
Case #77: 3 3
Case #78: 1 1
Case #79: 3 2
Case #80: 0 0
Case #81: 1 0
Case #82: 1 0
Case #83: 0 0
Case #84: 1 1
Case #85: 0 0
Case #86: 0 0
Case #87: 0 0
Case #88: 1 0
Case #89: 1 1
Case #90: 1 0
Case #91: 0 0
Case #92: 0 0
Case #93: 1 1
Case #94: 0 0
Case #95: 1 0
Case #96: 3 3
Case #97: 0 0
Case #98: 0 0
Case #99: 3 3
Case #100: 0 0
