Case #1: 1 0
Case #2: 1 0
Case #3: 1 1
Case #4: 0 0
Case #5: 500 499
Case #6: 249999 249999
Case #7: 0 0
Case #8: 1 0
Case #9: 0 0
Case #10: 1 0
Case #11: 0 0
Case #12: 3 2
Case #13: 0 0
Case #14: 0 0
Case #15: 0 0
Case #16: 1 1
Case #17: 2 1
Case #18: 0 0
Case #19: 1 1
Case #20: 3905 3905
Case #21: 0 0
Case #22: 0 0
Case #23: 7812 7811
Case #24: 499999 499999
Case #25: 1 0
Case #26: 1 0
Case #27: 1 1
Case #28: 3906 3905
Case #29: 1 1
Case #30: 0 0
Case #31: 1 0
Case #32: 1 0
Case #33: 0 0
Case #34: 0 0
Case #35: 0 0
Case #36: 1 0
Case #37: 0 0
Case #38: 1 1
Case #39: 2 2
Case #40: 0 0
Case #41: 0 0
Case #42: 500000 499999
Case #43: 0 0
Case #44: 7812 7811
Case #45: 0 0
Case #46: 1 0
Case #47: 0 0
Case #48: 0 0
Case #49: 0 0
Case #50: 0 0
Case #51: 0 0
Case #52: 0 0
Case #53: 0 0
Case #54: 1953 1952
Case #55: 125000 124999
Case #56: 0 0
Case #57: 3 2
Case #58: 0 0
Case #59: 1 0
Case #60: 250000 249999
Case #61: 0 0
Case #62: 0 0
Case #63: 0 0
Case #64: 1 1
Case #65: 0 0
Case #66: 1 0
Case #67: 0 0
Case #68: 1 0
Case #69: 1 0
Case #70: 0 0
Case #71: 1 1
Case #72: 0 0
Case #73: 0 0
Case #74: 0 0
Case #75: 1 0
Case #76: 0 0
Case #77: 0 0
Case #78: 1 0
Case #79: 0 0
Case #80: 1 0
Case #81: 1 1
Case #82: 1 1
Case #83: 1 0
Case #84: 3906 3905
Case #85: 0 0
Case #86: 0 0
Case #87: 0 0
Case #88: 0 0
Case #89: 0 0
Case #90: 250000 249999
Case #91: 3 2
Case #92: 1 0
Case #93: 0 0
Case #94: 1 1
Case #95: 1 0
Case #96: 0 0
Case #97: 1 0
Case #98: 0 0
Case #99: 0 0
Case #100: 0 0
